<?xml version="1.0" encoding="UTF-8"?>
<!-- Generated by org.testng.reporters.JUnitReportReporter -->
<testsuite skipped="0" hostname="DESKTOP-QI6818R" name="com.crm.qa.testcases.ContactPageTest" tests="4" failures="0" timestamp="26 Jun 2018 10:30:42 GMT" time="143.053" errors="0">
  <testcase name="verifyContactsLableTest" time="31.697" classname="com.crm.qa.testcases.ContactPageTest"/>
  <testcase name="createNewContactTest" time="35.118" classname="com.crm.qa.testcases.ContactPageTest"/>
  <testcase name="createNewContactTest" time="38.326" classname="com.crm.qa.testcases.ContactPageTest"/>
  <testcase name="createNewContactTest" time="37.912" classname="com.crm.qa.testcases.ContactPageTest"/>
</testsuite> <!-- com.crm.qa.testcases.ContactPageTest -->
